<?xml version="1.0" encoding="UTF-8"?>
<!-- Generated by org.testng.reporters.JUnitXMLReporter -->
<testsuite hostname="LE000182" ignored="0" name="Default test" tests="3" failures="0" timestamp="13 Dec 2018 09:33:46 GMT" time="59.483" errors="0">
  <testcase name="verifyChatBotContent" time="18.125" classname="org.sce.chatbot.ChatBotTest"/>
  <testcase name="verifyChatBotContent" time="17.937" classname="org.sce.chatbot.ChatBotTest"/>
  <testcase name="verifyChatBotContent" time="23.174" classname="org.sce.chatbot.ChatBotTest"/>
</testsuite> <!-- Default test -->
